<?xml version="1.0" encoding="UTF-8"?>
<!-- Generated by org.testng.reporters.JUnitReportReporter -->
<testsuite hostname="DESKTOP-UE56HK5" failures="0" tests="1" name="com.testClasses.com.CreateUserTest" time="7.570" errors="0" timestamp="2025-02-19T14:18:02 IST" skipped="0">
  <testcase classname="com.testClasses.com.CreateUserTest" name="createUserTest" time="7.570"/>
</testsuite> <!-- com.testClasses.com.CreateUserTest -->
